# JRE version: Java(TM) SE Runtime Environment (21.0.8+12) (build 21.0.8+12-LTS-250)
# Java VM: Java HotSpot(TM) 64-Bit Server VM (21.0.8+12-LTS-250, mixed mode, sharing, tiered, compressed oops, compressed class ptrs, g1 gc, windows-amd64)
GC Precious Log:
 CardTable entry size: 512
 Card Set container configuration: InlinePtr #cards 5 size 8 Array Of Cards #cards 12 size 40 Howl #buckets 4 coarsen threshold 1843 Howl Bitmap #cards 512 size 80 coarsen threshold 460 Card regions per heap region 1 cards per card region 2048
 CPUs: 12 total, 12 available
 Memory: 16004M
 Large Page Support: Disabled
 NUMA Support: Disabled
 Compressed Oops: Enabled (32-bit)
 Heap Region Size: 1M
 Heap Min Capacity: 8M
 Heap Initial Capacity: 252M
 Heap Max Capacity: 2G
 Pre-touch: Disabled
 Parallel Workers: 10
 Concurrent Workers: 3
 Concurrent Refinement Workers: 10
 Periodic GC: Disabled
Heap:
 garbage-first heap   total 244736K, used 207459K [0x0000000080000000, 0x0000000100000000)
  region size 1024K, 67 young (68608K), 9 survivors (9216K)
 Metaspace       used 128537K, committed 130944K, reserved 1179648K
  class space    used 16538K, committed 17728K, reserved 1048576K
GC Heap History (20 events):
Event: 110.850 GC heap before
{Heap before GC invocations=53 (full 0):
 garbage-first heap   total 188416K, used 170373K [0x0000000080000000, 0x0000000100000000)
  region size 1024K, 61 young (62464K), 5 survivors (5120K)
 Metaspace       used 101822K, committed 104256K, reserved 1179648K
  class space    used 13642K, committed 14848K, reserved 1048576K
}
Event: 110.867 GC heap after
{Heap after GC invocations=54 (full 0):
 garbage-first heap   total 188416K, used 112384K [0x0000000080000000, 0x0000000100000000)
  region size 1024K, 7 young (7168K), 7 survivors (7168K)
 Metaspace       used 101822K, committed 104256K, reserved 1179648K
  class space    used 13642K, committed 14848K, reserved 1048576K
}
Event: 114.682 GC heap before
{Heap before GC invocations=54 (full 0):
 garbage-first heap   total 188416K, used 168704K [0x0000000080000000, 0x0000000100000000)
  region size 1024K, 63 young (64512K), 7 survivors (7168K)
 Metaspace       used 103356K, committed 105728K, reserved 1179648K
  class space    used 13819K, committed 14976K, reserved 1048576K
}
Event: 114.692 GC heap after
{Heap after GC invocations=55 (full 0):
 garbage-first heap   total 188416K, used 115788K [0x0000000080000000, 0x0000000100000000)
  region size 1024K, 5 young (5120K), 5 survivors (5120K)
 Metaspace       used 103356K, committed 105728K, reserved 1179648K
  class space    used 13819K, committed 14976K, reserved 1048576K
}
Event: 119.934 GC heap before
{Heap before GC invocations=56 (full 0):
 garbage-first heap   total 196608K, used 174156K [0x0000000080000000, 0x0000000100000000)
  region size 1024K, 59 young (60416K), 5 survivors (5120K)
 Metaspace       used 111695K, committed 114112K, reserved 1179648K
  class space    used 14795K, committed 16000K, reserved 1048576K
}
Event: 119.949 GC heap after
{Heap after GC invocations=57 (full 0):
 garbage-first heap   total 196608K, used 129435K [0x0000000080000000, 0x0000000100000000)
  region size 1024K, 8 young (8192K), 8 survivors (8192K)
 Metaspace       used 111695K, committed 114112K, reserved 1179648K
  class space    used 14795K, committed 16000K, reserved 1048576K
}
Event: 123.160 GC heap before
{Heap before GC invocations=57 (full 0):
 garbage-first heap   total 196608K, used 175515K [0x0000000080000000, 0x0000000100000000)
  region size 1024K, 53 young (54272K), 8 survivors (8192K)
 Metaspace       used 112592K, committed 115008K, reserved 1179648K
  class space    used 14864K, committed 16064K, reserved 1048576K
}
Event: 123.190 GC heap after
{Heap after GC invocations=58 (full 0):
 garbage-first heap   total 199680K, used 138721K [0x0000000080000000, 0x0000000100000000)
  region size 1024K, 7 young (7168K), 7 survivors (7168K)
 Metaspace       used 112592K, committed 115008K, reserved 1179648K
  class space    used 14864K, committed 16064K, reserved 1048576K
}
Event: 123.468 GC heap before
{Heap before GC invocations=58 (full 0):
 garbage-first heap   total 199680K, used 142817K [0x0000000080000000, 0x0000000100000000)
  region size 1024K, 13 young (13312K), 7 survivors (7168K)
 Metaspace       used 113165K, committed 115520K, reserved 1179648K
  class space    used 14893K, committed 16064K, reserved 1048576K
}
Event: 123.481 GC heap after
{Heap after GC invocations=59 (full 0):
 garbage-first heap   total 199680K, used 141545K [0x0000000080000000, 0x0000000100000000)
  region size 1024K, 2 young (2048K), 2 survivors (2048K)
 Metaspace       used 113165K, committed 115520K, reserved 1179648K
  class space    used 14893K, committed 16064K, reserved 1048576K
}
Event: 124.753 GC heap before
{Heap before GC invocations=60 (full 0):
 garbage-first heap   total 237568K, used 177385K [0x0000000080000000, 0x0000000100000000)
  region size 1024K, 35 young (35840K), 2 survivors (2048K)
 Metaspace       used 119155K, committed 121600K, reserved 1179648K
  class space    used 15534K, committed 16768K, reserved 1048576K
}
Event: 124.762 GC heap after
{Heap after GC invocations=61 (full 0):
 garbage-first heap   total 237568K, used 141853K [0x0000000080000000, 0x0000000100000000)
  region size 1024K, 3 young (3072K), 3 survivors (3072K)
 Metaspace       used 119155K, committed 121600K, reserved 1179648K
  class space    used 15534K, committed 16768K, reserved 1048576K
}
Event: 129.327 GC heap before
{Heap before GC invocations=61 (full 0):
 garbage-first heap   total 237568K, used 203293K [0x0000000080000000, 0x0000000100000000)
  region size 1024K, 64 young (65536K), 3 survivors (3072K)
 Metaspace       used 124802K, committed 127232K, reserved 1179648K
  class space    used 16205K, committed 17408K, reserved 1048576K
}
Event: 129.345 GC heap after
{Heap after GC invocations=62 (full 0):
 garbage-first heap   total 237568K, used 144149K [0x0000000080000000, 0x0000000100000000)
  region size 1024K, 7 young (7168K), 7 survivors (7168K)
 Metaspace       used 124802K, committed 127232K, reserved 1179648K
  class space    used 16205K, committed 17408K, reserved 1048576K
}
Event: 130.361 GC heap before
{Heap before GC invocations=62 (full 0):
 garbage-first heap   total 237568K, used 193301K [0x0000000080000000, 0x0000000100000000)
  region size 1024K, 56 young (57344K), 7 survivors (7168K)
 Metaspace       used 125074K, committed 127488K, reserved 1179648K
  class space    used 16231K, committed 17472K, reserved 1048576K
}
Event: 130.370 GC heap after
{Heap after GC invocations=63 (full 0):
 garbage-first heap   total 237568K, used 143690K [0x0000000080000000, 0x0000000100000000)
  region size 1024K, 5 young (5120K), 5 survivors (5120K)
 Metaspace       used 125074K, committed 127488K, reserved 1179648K
  class space    used 16231K, committed 17472K, reserved 1048576K
}
Event: 135.117 GC heap before
{Heap before GC invocations=64 (full 0):
 garbage-first heap   total 244736K, used 212298K [0x0000000080000000, 0x0000000100000000)
  region size 1024K, 71 young (72704K), 5 survivors (5120K)
 Metaspace       used 127450K, committed 129920K, reserved 1179648K
  class space    used 16458K, committed 17664K, reserved 1048576K
}
Event: 135.131 GC heap after
{Heap after GC invocations=65 (full 0):
 garbage-first heap   total 244736K, used 147621K [0x0000000080000000, 0x0000000100000000)
  region size 1024K, 9 young (9216K), 9 survivors (9216K)
 Metaspace       used 127450K, committed 129920K, reserved 1179648K
  class space    used 16458K, committed 17664K, reserved 1048576K
}
Event: 139.802 GC heap before
{Heap before GC invocations=65 (full 0):
 garbage-first heap   total 244736K, used 219301K [0x0000000080000000, 0x0000000100000000)
  region size 1024K, 79 young (80896K), 9 survivors (9216K)
 Metaspace       used 127989K, committed 130496K, reserved 1179648K
  class space    used 16478K, committed 17728K, reserved 1048576K
}
Event: 139.823 GC heap after
{Heap after GC invocations=66 (full 0):
 garbage-first heap   total 244736K, used 150115K [0x0000000080000000, 0x0000000100000000)
  region size 1024K, 9 young (9216K), 9 survivors (9216K)
 Metaspace       used 127989K, committed 130496K, reserved 1179648K
  class space    used 16478K, committed 17728K, reserved 1048576K
}

